Using pre-set license
Built from '2020.3/staging' branch; Version is '2020.3.25f1 (9b9180224418) revision 10195328'; Using compiler version '192528614'; Build Type 'Release'
OS: 'Windows 10  (10.0.19043) 64bit Professional' Language: 'en' Physical Memory: 16087 MB
BatchMode: 1, IsHumanControllingUs: 0, StartBugReporterOnCrash: 0, Is64bit: 1, IsPro: 0

COMMAND LINE ARGUMENTS:
C:\Program Files\Unity\Hub\Editor\2020.3.25f1\Editor\Unity.exe
-adb2
-batchMode
-noUpm
-name
AssetImportWorker0
-projectPath
C:/Users/Will/Downloads/PATS 2018-06-21/PATS 2018-06-21
-logFile
Logs/AssetImportWorker0.log
-srvPort
51171
Successfully changed project path to: C:/Users/Will/Downloads/PATS 2018-06-21/PATS 2018-06-21
C:/Users/Will/Downloads/PATS 2018-06-21/PATS 2018-06-21
Using Asset Import Pipeline V2.
Refreshing native plugins compatible for Editor in 90.22 ms, found 2 plugins.
Preloading 0 native plugins for Editor in 0.00 ms.
Initialize engine version: 2020.3.25f1 (9b9180224418)
[Subsystems] Discovering subsystems at path C:/Program Files/Unity/Hub/Editor/2020.3.25f1/Editor/Data/Resources/UnitySubsystems
[Subsystems] Discovering subsystems at path C:/Users/Will/Downloads/PATS 2018-06-21/PATS 2018-06-21/Assets
GfxDevice: creating device client; threaded=0
Direct3D:
    Version:  Direct3D 11.0 [level 11.1]
    Renderer: AMD Radeon RX 6800 (ID=0x73bf)
    Vendor:   
    VRAM:     16338 MB
    Driver:   30.0.21017.1000
Initialize mono
Mono path[0] = 'C:/Program Files/Unity/Hub/Editor/2020.3.25f1/Editor/Data/Managed'
Mono path[1] = 'C:/Program Files/Unity/Hub/Editor/2020.3.25f1/Editor/Data/MonoBleedingEdge/lib/mono/unityjit'
Mono config path = 'C:/Program Files/Unity/Hub/Editor/2020.3.25f1/Editor/Data/MonoBleedingEdge/etc'
Using monoOptions --debugger-agent=transport=dt_socket,embedding=1,server=y,suspend=n,address=127.0.0.1:56312
Begin MonoManager ReloadAssembly
Registering precompiled unity dll's ...
Register platform support module: C:/Program Files/Unity/Hub/Editor/2020.3.25f1/Editor/Data/PlaybackEngines/WebGLSupport/UnityEditor.WebGL.Extensions.dll
Register platform support module: C:/Program Files/Unity/Hub/Editor/2020.3.25f1/Editor/Data/PlaybackEngines/WindowsStandaloneSupport/UnityEditor.WindowsStandalone.Extensions.dll
Registered in 0.005323 seconds.
Native extension for WindowsStandalone target not found
Native extension for WebGL target not found
Refreshing native plugins compatible for Editor in 74.83 ms, found 2 plugins.
Preloading 0 native plugins for Editor in 0.00 ms.
Mono: successfully reloaded assembly
- Completed reload, in  0.933 seconds
Domain Reload Profiling:
	ReloadAssembly (934ms)
		BeginReloadAssembly (61ms)
			ExecutionOrderSort (0ms)
			DisableScriptedObjects (0ms)
			BackupInstance (0ms)
			ReleaseScriptingObjects (0ms)
			CreateAndSetChildDomain (1ms)
		EndReloadAssembly (710ms)
			LoadAssemblies (67ms)
			RebuildTransferFunctionScriptingTraits (0ms)
			SetupTypeCache (258ms)
			ReleaseScriptCaches (0ms)
			RebuildScriptCaches (51ms)
			SetupLoadedEditorAssemblies (263ms)
				LogAssemblyErrors (0ms)
				InitializePlatformSupportModulesInManaged (9ms)
				SetLoadedEditorAssemblies (0ms)
				RefreshPlugins (75ms)
				BeforeProcessingInitializeOnLoad (18ms)
				ProcessInitializeOnLoadAttributes (126ms)
				ProcessInitializeOnLoadMethodAttributes (35ms)
				AfterProcessingInitializeOnLoad (0ms)
				EditorAssembliesLoaded (0ms)
			ExecutionOrderSort2 (0ms)
			AwakeInstancesAfterBackupRestoration (0ms)
Platform modules already initialized, skipping
Registering precompiled user dll's ...
Registered in 0.007512 seconds.
Begin MonoManager ReloadAssembly
Native extension for WindowsStandalone target not found
Native extension for WebGL target not found
Refreshing native plugins compatible for Editor in 0.76 ms, found 2 plugins.
Preloading 0 native plugins for Editor in 0.00 ms.
Mono: successfully reloaded assembly
- Completed reload, in  1.318 seconds
Domain Reload Profiling:
	ReloadAssembly (1320ms)
		BeginReloadAssembly (153ms)
			ExecutionOrderSort (0ms)
			DisableScriptedObjects (7ms)
			BackupInstance (0ms)
			ReleaseScriptingObjects (0ms)
			CreateAndSetChildDomain (20ms)
		EndReloadAssembly (1101ms)
			LoadAssemblies (87ms)
			RebuildTransferFunctionScriptingTraits (0ms)
			SetupTypeCache (379ms)
			ReleaseScriptCaches (1ms)
			RebuildScriptCaches (51ms)
			SetupLoadedEditorAssemblies (462ms)
				LogAssemblyErrors (0ms)
				InitializePlatformSupportModulesInManaged (7ms)
				SetLoadedEditorAssemblies (1ms)
				RefreshPlugins (1ms)
				BeforeProcessingInitializeOnLoad (89ms)
				ProcessInitializeOnLoadAttributes (309ms)
				ProcessInitializeOnLoadMethodAttributes (46ms)
				AfterProcessingInitializeOnLoad (11ms)
				EditorAssembliesLoaded (0ms)
			ExecutionOrderSort2 (0ms)
			AwakeInstancesAfterBackupRestoration (8ms)
Platform modules already initialized, skipping
========================================================================
Worker process is ready to serve import requests
Launched and connected shader compiler UnityShaderCompiler.exe after 0.06 seconds
Refreshing native plugins compatible for Editor in 0.94 ms, found 2 plugins.
Preloading 0 native plugins for Editor in 0.00 ms.
Unloading 2152 Unused Serialized files (Serialized files now loaded: 0)
System memory in use before: 85.6 MB.
System memory in use after: 85.6 MB.

Unloading 58 unused Assets to reduce memory usage. Loaded Objects now: 2555.
Total: 6.491500 ms (FindLiveObjects: 0.161100 ms CreateObjectMapping: 0.060800 ms MarkObjects: 6.149300 ms  DeleteObjects: 0.118200 ms)

AssetImportParameters requested are different than current active one (requested -> active):
  custom:framework-win-MediaFoundation: 216162199b28c13a410421893ffa2e32 -> 
  custom:video-decoder-ogg-theora: a1e56fd34408186e4bbccfd4996cb3dc -> 
  custom:container-muxer-webm: aa71ff27fc2769a1b78a27578f13a17b -> 
  custom:container-demuxer-webm: 4f35f7cbe854078d1ac9338744f61a02 -> 
  custom:container-demuxer-ogg: 62fdf1f143b41e24485cea50d1cbac27 -> 
  custom:video-encoder-webm-vp8: eb34c28f22e8b96e1ab97ce403110664 -> 
  custom:video-codec-MediaFoundation-h265: 746d11721c4dcdbdad8f713fa42b33f4 -> 
  custom:video-decoder-webm-vp8: 9c59270c3fd7afecdb556c50c9e8de78 -> 
  custom:audio-decoder-ogg-vorbis: bf7c407c2cedff20999df2af8eb42d56 -> 
  custom:audio-encoder-webm-vorbis: bf7c407c2cedff20999df2af8eb42d56 -> 
========================================================================
Received Import Request.
  path: Assets/IceFightParty.prefab
  artifactKey: Guid(0243bebf5a167474ebec02c056748a4d) Importer(815301076,1909f56bfc062723c751e8b465ee728b)
Start importing Assets/IceFightParty.prefab using Guid(0243bebf5a167474ebec02c056748a4d) Importer(815301076,1909f56bfc062723c751e8b465ee728b)  -> (artifact id: '5e91107ac776afa09e2238babab2b407') in 0.043942 seconds 
  Import took 0.048138 seconds .

========================================================================
Received Import Request.
  Time since last request: 0.000267 seconds.
  path: Assets/Monster.prefab
  artifactKey: Guid(95e87eec75cf30945bf0153726423a92) Importer(815301076,1909f56bfc062723c751e8b465ee728b)
Start importing Assets/Monster.prefab using Guid(95e87eec75cf30945bf0153726423a92) Importer(815301076,1909f56bfc062723c751e8b465ee728b)  -> (artifact id: '845041cd69e102379531128c4e1cc357') in 0.119456 seconds 
  Import took 0.123148 seconds .

========================================================================
Received Import Request.
  Time since last request: 0.000265 seconds.
  path: Assets/ConfusingFightParty.prefab
  artifactKey: Guid(ec83acd0742db1e4a9ae3554645be8d4) Importer(815301076,1909f56bfc062723c751e8b465ee728b)
Start importing Assets/ConfusingFightParty.prefab using Guid(ec83acd0742db1e4a9ae3554645be8d4) Importer(815301076,1909f56bfc062723c751e8b465ee728b)  -> (artifact id: '43ca01d28cf9f6453ce281071c4f8f04') in 0.011897 seconds 
  Import took 0.015188 seconds .

========================================================================
Received Import Request.
  Time since last request: 0.000272 seconds.
  path: Assets/Background.prefab
  artifactKey: Guid(b2170e7a27b62484bbe661d9d44b6766) Importer(815301076,1909f56bfc062723c751e8b465ee728b)
Start importing Assets/Background.prefab using Guid(b2170e7a27b62484bbe661d9d44b6766) Importer(815301076,1909f56bfc062723c751e8b465ee728b)  -> (artifact id: '8825cacb20aacc0fce4a8cfef89074db') in 0.012074 seconds 
  Import took 0.016672 seconds .

========================================================================
Received Import Request.
  Time since last request: 0.000296 seconds.
  path: Assets/Collectible.prefab
  artifactKey: Guid(32e3fbb757778e44190a1724e98b256a) Importer(815301076,1909f56bfc062723c751e8b465ee728b)
Start importing Assets/Collectible.prefab using Guid(32e3fbb757778e44190a1724e98b256a) Importer(815301076,1909f56bfc062723c751e8b465ee728b)  -> (artifact id: 'e3ad3c12ddfaf1cae5e203660009c979') in 0.019672 seconds 
  Import took 0.024543 seconds .

========================================================================
Received Import Request.
  Time since last request: 0.000588 seconds.
  path: Assets/BeltFightParty.prefab
  artifactKey: Guid(d40e5c296b562914dad37a638b3a03a6) Importer(815301076,1909f56bfc062723c751e8b465ee728b)
Start importing Assets/BeltFightParty.prefab using Guid(d40e5c296b562914dad37a638b3a03a6) Importer(815301076,1909f56bfc062723c751e8b465ee728b)  -> (artifact id: 'c92f15b8df34f7f2f4c05536807b7281') in 0.013063 seconds 
  Import took 0.017348 seconds .

========================================================================
Received Import Request.
  Time since last request: 0.000326 seconds.
  path: Assets/belt.prefab
  artifactKey: Guid(181f8f94aa05cce45a66c516ea5c13c6) Importer(815301076,1909f56bfc062723c751e8b465ee728b)
Start importing Assets/belt.prefab using Guid(181f8f94aa05cce45a66c516ea5c13c6) Importer(815301076,1909f56bfc062723c751e8b465ee728b)  -> (artifact id: '604a6a25781e8e00c4a59393a121f54d') in 0.018384 seconds 
  Import took 0.022873 seconds .

========================================================================
Received Import Request.
  Time since last request: 0.000294 seconds.
  path: Assets/FireFightParty.prefab
  artifactKey: Guid(01c25edcec77313408230be2aca562f3) Importer(815301076,1909f56bfc062723c751e8b465ee728b)
Start importing Assets/FireFightParty.prefab using Guid(01c25edcec77313408230be2aca562f3) Importer(815301076,1909f56bfc062723c751e8b465ee728b)  -> (artifact id: '33d21dd16aabf00b160a9e272e4a932e') in 0.018485 seconds 
  Import took 0.023291 seconds .

========================================================================
Received Import Request.
  Time since last request: 0.000257 seconds.
  path: Assets/Player 1.prefab
  artifactKey: Guid(c9d3de89722bc8d4380a03154bfae0cd) Importer(815301076,1909f56bfc062723c751e8b465ee728b)
Start importing Assets/Player 1.prefab using Guid(c9d3de89722bc8d4380a03154bfae0cd) Importer(815301076,1909f56bfc062723c751e8b465ee728b)  -> (artifact id: '2b0d7e0fe6319cb31b2c5fd0cac4556e') in 0.025515 seconds 
  Import took 0.029624 seconds .

========================================================================
Received Import Request.
  Time since last request: 0.000304 seconds.
  path: Assets/Thing.prefab
  artifactKey: Guid(fa8e867a80800b54b9babd7690d4913b) Importer(815301076,1909f56bfc062723c751e8b465ee728b)
Start importing Assets/Thing.prefab using Guid(fa8e867a80800b54b9babd7690d4913b) Importer(815301076,1909f56bfc062723c751e8b465ee728b)  -> (artifact id: '0aa9f293588f358226fcc0fc444c49ce') in 0.010804 seconds 
  Import took 0.014677 seconds .

========================================================================
Received Import Request.
  Time since last request: 0.000284 seconds.
  path: Assets/FightParty.prefab
  artifactKey: Guid(8f791a9d35e60614b800e97f0f385cdc) Importer(815301076,1909f56bfc062723c751e8b465ee728b)
Start importing Assets/FightParty.prefab using Guid(8f791a9d35e60614b800e97f0f385cdc) Importer(815301076,1909f56bfc062723c751e8b465ee728b)  -> (artifact id: '37f6de05725c9a51be403b490a77d0af') in 0.009699 seconds 
  Import took 0.013034 seconds .

========================================================================
Received Import Request.
  Time since last request: 0.000248 seconds.
  path: Assets/WaterFightParty.prefab
  artifactKey: Guid(206deea643a9db446b7c5e8c4f5ff638) Importer(815301076,1909f56bfc062723c751e8b465ee728b)
Start importing Assets/WaterFightParty.prefab using Guid(206deea643a9db446b7c5e8c4f5ff638) Importer(815301076,1909f56bfc062723c751e8b465ee728b)  -> (artifact id: '21599a11630ad25849452a5d93a2265e') in 0.011292 seconds 
  Import took 0.016161 seconds .

========================================================================
Received Import Request.
  Time since last request: 0.000262 seconds.
  path: Assets/Lazer.prefab
  artifactKey: Guid(47c9e2b05a36fee4dbdc86d69fcc0b64) Importer(815301076,1909f56bfc062723c751e8b465ee728b)
Start importing Assets/Lazer.prefab using Guid(47c9e2b05a36fee4dbdc86d69fcc0b64) Importer(815301076,1909f56bfc062723c751e8b465ee728b)  -> (artifact id: '6061043e2ee0d053ad225350c6cad50f') in 0.016526 seconds 
  Import took 0.019925 seconds .

========================================================================
Received Import Request.
  Time since last request: 0.000267 seconds.
  path: Assets/MudFightParty.prefab
  artifactKey: Guid(321fd2235a49bab4e849810415f9ce96) Importer(815301076,1909f56bfc062723c751e8b465ee728b)
Start importing Assets/MudFightParty.prefab using Guid(321fd2235a49bab4e849810415f9ce96) Importer(815301076,1909f56bfc062723c751e8b465ee728b)  -> (artifact id: '356070a4c4c8bc419ebb2aedaf4270a5') in 0.014152 seconds 
  Import took 0.018461 seconds .

========================================================================
Received Prepare
Registering precompiled user dll's ...
Registered in 0.013863 seconds.
Begin MonoManager ReloadAssembly
Native extension for WindowsStandalone target not found
Native extension for WebGL target not found
Refreshing native plugins compatible for Editor in 0.61 ms, found 2 plugins.
Preloading 0 native plugins for Editor in 0.00 ms.
Mono: successfully reloaded assembly
- Completed reload, in  0.780 seconds
Domain Reload Profiling:
	ReloadAssembly (780ms)
		BeginReloadAssembly (94ms)
			ExecutionOrderSort (0ms)
			DisableScriptedObjects (4ms)
			BackupInstance (0ms)
			ReleaseScriptingObjects (0ms)
			CreateAndSetChildDomain (27ms)
		EndReloadAssembly (642ms)
			LoadAssemblies (63ms)
			RebuildTransferFunctionScriptingTraits (0ms)
			SetupTypeCache (199ms)
			ReleaseScriptCaches (1ms)
			RebuildScriptCaches (34ms)
			SetupLoadedEditorAssemblies (257ms)
				LogAssemblyErrors (0ms)
				InitializePlatformSupportModulesInManaged (4ms)
				SetLoadedEditorAssemblies (0ms)
				RefreshPlugins (1ms)
				BeforeProcessingInitializeOnLoad (53ms)
				ProcessInitializeOnLoadAttributes (165ms)
				ProcessInitializeOnLoadMethodAttributes (30ms)
				AfterProcessingInitializeOnLoad (4ms)
				EditorAssembliesLoaded (0ms)
			ExecutionOrderSort2 (0ms)
			AwakeInstancesAfterBackupRestoration (5ms)
Platform modules already initialized, skipping
Refreshing native plugins compatible for Editor in 0.74 ms, found 2 plugins.
Preloading 0 native plugins for Editor in 0.00 ms.
Unloading 2146 Unused Serialized files (Serialized files now loaded: 0)
System memory in use before: 88.4 MB.
System memory in use after: 88.5 MB.

Unloading 49 unused Assets to reduce memory usage. Loaded Objects now: 2564.
Total: 4.816400 ms (FindLiveObjects: 0.146700 ms CreateObjectMapping: 0.050200 ms MarkObjects: 4.589400 ms  DeleteObjects: 0.029100 ms)

AssetImportParameters requested are different than current active one (requested -> active):
  custom:framework-win-MediaFoundation: 216162199b28c13a410421893ffa2e32 -> 
  custom:video-decoder-ogg-theora: a1e56fd34408186e4bbccfd4996cb3dc -> 
  custom:container-muxer-webm: aa71ff27fc2769a1b78a27578f13a17b -> 
  custom:container-demuxer-webm: 4f35f7cbe854078d1ac9338744f61a02 -> 
  custom:container-demuxer-ogg: 62fdf1f143b41e24485cea50d1cbac27 -> 
  custom:video-encoder-webm-vp8: eb34c28f22e8b96e1ab97ce403110664 -> 
  custom:video-codec-MediaFoundation-h265: 746d11721c4dcdbdad8f713fa42b33f4 -> 
  custom:video-decoder-webm-vp8: 9c59270c3fd7afecdb556c50c9e8de78 -> 
  custom:audio-decoder-ogg-vorbis: bf7c407c2cedff20999df2af8eb42d56 -> 
  custom:audio-encoder-webm-vorbis: bf7c407c2cedff20999df2af8eb42d56 -> 
